Arguments: 
  /Users/erinthompson/.ndenv/versions/8.11.1/bin/node /Users/erinthompson/.ndenv/versions/8.11.1/bin/yarn start

PATH: 
  /Users/erinthompson/.ndenv/versions/8.11.1/bin:/Users/erinthompson/.ndenv/libexec:/Users/erinthompson/.ndenv/plugins/node-build/bin:/Users/erinthompson/.pyenv/shims:/Users/erinthompson/Downloads/google-cloud-sdk/bin:/Library/Frameworks/Python.framework/Versions/3.6/bin:/Library/Frameworks/Python.framework/Versions/3.6/bin:/Library/Frameworks/Python.framework/Versions/3.6/bin:/Library/Frameworks/Python.framework/Versions/3.6/bin:/Users/erinthompson/.ndenv/shims:/Users/erinthompson/.ndenv/bin:/usr/local/bin:/usr/bin:/bin:/usr/sbin:/sbin

Yarn version: 
  1.5.1

Node version: 
  8.11.1

Platform: 
  darwin x64

npm manifest: 
  {
    "name": "zoo",
    "version": "1.0.0",
    "description": "",
    "main": "index.js",
    "scripts": {
      "test": "echo \"Error: no test specified\" && exit 1"
    },
    "author": "Erin Thompson",
    "license": "MIT",
    "dependencies": {
      "hapi": "^17.5.4"
    }
  }

yarn manifest: 
  No manifest

Lockfile: 
  No lockfile

Trace: 
  Error: Command "start" not found.
      at new MessageError (/Users/erinthompson/.ndenv/versions/8.11.1/lib/node_modules/yarn/lib/cli.js:186:110)
      at /Users/erinthompson/.ndenv/versions/8.11.1/lib/node_modules/yarn/lib/cli.js:87307:17
      at Generator.next (<anonymous>)
      at step (/Users/erinthompson/.ndenv/versions/8.11.1/lib/node_modules/yarn/lib/cli.js:98:30)
      at /Users/erinthompson/.ndenv/versions/8.11.1/lib/node_modules/yarn/lib/cli.js:116:14
      at new Promise (<anonymous>)
      at new F (/Users/erinthompson/.ndenv/versions/8.11.1/lib/node_modules/yarn/lib/cli.js:23451:28)
      at /Users/erinthompson/.ndenv/versions/8.11.1/lib/node_modules/yarn/lib/cli.js:95:12
      at runCommand (/Users/erinthompson/.ndenv/versions/8.11.1/lib/node_modules/yarn/lib/cli.js:87312:22)
      at Object.<anonymous> (/Users/erinthompson/.ndenv/versions/8.11.1/lib/node_modules/yarn/lib/cli.js:87412:14)
